Determining if the pthread_create exist failed with the following output:
Change Dir: /home/jay/ros/build/CMakeFiles/CMakeTmp

Run Build Command:/usr/bin/make "cmTryCompileExec2534574660/fast"
/usr/bin/make -f CMakeFiles/cmTryCompileExec2534574660.dir/build.make CMakeFiles/cmTryCompileExec2534574660.dir/build
make[1]: Entering directory `/home/jay/ros/build/CMakeFiles/CMakeTmp'
/usr/bin/cmake -E cmake_progress_report /home/jay/ros/build/CMakeFiles/CMakeTmp/CMakeFiles 1
Building C object CMakeFiles/cmTryCompileExec2534574660.dir/CheckSymbolExists.c.o
/usr/bin/cc    -o CMakeFiles/cmTryCompileExec2534574660.dir/CheckSymbolExists.c.o   -c /home/jay/ros/build/CMakeFiles/CMakeTmp/CheckSymbolExists.c
Linking C executable cmTryCompileExec2534574660
/usr/bin/cmake -E cmake_link_script CMakeFiles/cmTryCompileExec2534574660.dir/link.txt --verbose=1
/usr/bin/cc       CMakeFiles/cmTryCompileExec2534574660.dir/CheckSymbolExists.c.o  -o cmTryCompileExec2534574660 -rdynamic 
CMakeFiles/cmTryCompileExec2534574660.dir/CheckSymbolExists.c.o: In function `main':
CheckSymbolExists.c:(.text+0x16): undefined reference to `pthread_create'
collect2: error: ld returned 1 exit status
make[1]: Leaving directory `/home/jay/ros/build/CMakeFiles/CMakeTmp'
make[1]: *** [cmTryCompileExec2534574660] Error 1
make: *** [cmTryCompileExec2534574660/fast] Error 2

File /home/jay/ros/build/CMakeFiles/CMakeTmp/CheckSymbolExists.c:
/* */
#include <pthread.h>

int main(int argc, char** argv)
{
  (void)argv;
#ifndef pthread_create
  return ((int*)(&pthread_create))[argc];
#else
  (void)argc;
  return 0;
#endif
}

Determining if the function pthread_create exists in the pthreads failed with the following output:
Change Dir: /home/jay/ros/build/CMakeFiles/CMakeTmp

Run Build Command:/usr/bin/make "cmTryCompileExec943753068/fast"
/usr/bin/make -f CMakeFiles/cmTryCompileExec943753068.dir/build.make CMakeFiles/cmTryCompileExec943753068.dir/build
make[1]: Entering directory `/home/jay/ros/build/CMakeFiles/CMakeTmp'
/usr/bin/cmake -E cmake_progress_report /home/jay/ros/build/CMakeFiles/CMakeTmp/CMakeFiles 1
Building C object CMakeFiles/cmTryCompileExec943753068.dir/CheckFunctionExists.c.o
/usr/bin/cc   -DCHECK_FUNCTION_EXISTS=pthread_create   -o CMakeFiles/cmTryCompileExec943753068.dir/CheckFunctionExists.c.o   -c /usr/share/cmake-2.8/Modules/CheckFunctionExists.c
Linking C executable cmTryCompileExec943753068
/usr/bin/cmake -E cmake_link_script CMakeFiles/cmTryCompileExec943753068.dir/link.txt --verbose=1
/usr/bin/cc   -DCHECK_FUNCTION_EXISTS=pthread_create    CMakeFiles/cmTryCompileExec943753068.dir/CheckFunctionExists.c.o  -o cmTryCompileExec943753068 -rdynamic -lpthreads 
/usr/bin/ld: cannot find -lpthreads
collect2: error: ld returned 1 exit status
make[1]: *** [cmTryCompileExec943753068] Error 1
make[1]: Leaving directory `/home/jay/ros/build/CMakeFiles/CMakeTmp'
make: *** [cmTryCompileExec943753068/fast] Error 2


